<?xml version="1.0" encoding="UTF-8"?>
<!-- Generated by org.testng.reporters.JUnitReportReporter -->
<testsuite hostname="karthickshan" failures="0" tests="2" name="com.testNG.ParallelTest" time="13.285" errors="0" timestamp="2022-08-26T21:41:21 IST" skipped="0">
  <testcase classname="com.testNG.ParallelTest" name="f" time="6.771"/>
  <system-out/>
  <testcase classname="com.testNG.ParallelTest" name="g" time="6.514"/>
  <system-out/>
</testsuite> <!-- com.testNG.ParallelTest -->
