<?xml version="1.0" encoding="UTF-8"?>
<!-- Generated by org.testng.reporters.JUnitReportReporter -->
<testsuite hostname="karthickshan" failures="0" tests="2" name="com.testNG.SimpleAnnotation" time="0.010" errors="0" timestamp="2022-08-09T21:07:58 IST" skipped="0">
  <testcase classname="com.testNG.SimpleAnnotation" name="test" time="0.008"/>
  <system-out/>
  <testcase classname="com.testNG.SimpleAnnotation" name="test1" time="0.002"/>
  <system-out/>
</testsuite> <!-- com.testNG.SimpleAnnotation -->
