<?xml version="1.0" encoding="UTF-8"?>
<!-- Generated by org.testng.reporters.JUnitReportReporter -->
<testsuite hostname="karthickshan" failures="0" tests="2" name="com.testNG.DependencyTest" time="0.012" errors="0" timestamp="2022-08-11T17:23:26 IST" skipped="0">
  <testcase classname="com.testNG.DependencyTest" name="test2" time="0.001"/>
  <system-out/>
  <testcase classname="com.testNG.DependencyTest" name="test1" time="0.011"/>
  <system-out/>
</testsuite> <!-- com.testNG.DependencyTest -->
