<?xml version="1.0" encoding="UTF-8"?>
<!-- Generated by org.testng.reporters.JUnitReportReporter -->
<testsuite hostname="karthickshan" failures="0" tests="5" name="com.testNG.IgnoreTest" time="0.010" errors="0" timestamp="2022-08-11T17:11:56 IST" skipped="1">
  <testcase classname="com.testNG.IgnoreTest" name="test2" time="0.001"/>
  <system-out/>
  <testcase classname="com.testNG.IgnoreTest" name="test" time="0.006"/>
  <system-out/>
  <testcase classname="com.testNG.IgnoreTest" name="test2" time="0.000"/>
  <system-out/>
  <testcase classname="com.testNG.IgnoreTest" name="test2" time="0.003"/>
  <system-out/>
  <testcase classname="com.testNG.IgnoreTest" name="test1">
    <skipped/>
  </testcase> <!-- test1 -->
  <system-out/>
</testsuite> <!-- com.testNG.IgnoreTest -->
