<?xml version="1.0" encoding="UTF-8"?>
<!-- Generated by org.testng.reporters.JUnitReportReporter -->
<testsuite hostname="karthickshan" failures="0" tests="1" name="com.testNG.Timeout" time="3.023" errors="0" timestamp="2022-08-26T21:26:30 IST" skipped="0">
  <testcase classname="com.testNG.Timeout" name="test" time="3.023"/>
  <system-out/>
</testsuite> <!-- com.testNG.Timeout -->
