<?xml version="1.0" encoding="UTF-8"?>
<!-- Generated by org.testng.reporters.JUnitReportReporter -->
<testsuite hostname="karthickshan" failures="0" tests="2" name="com.testNG.BrowserLaunch" time="10.880" errors="0" timestamp="2022-08-11T17:42:46 IST" skipped="0">
  <testcase classname="com.testNG.BrowserLaunch" name="g" time="4.785"/>
  <system-out/>
  <testcase classname="com.testNG.BrowserLaunch" name="f" time="6.095"/>
  <system-out/>
</testsuite> <!-- com.testNG.BrowserLaunch -->
