<?xml version="1.0" encoding="UTF-8"?>
<!-- Generated by org.testng.reporters.JUnitReportReporter -->
<testsuite hostname="karthickshan" failures="0" tests="1" name="com.testNG.ExpectedException" time="0.009" errors="0" timestamp="2022-08-26T21:31:34 IST" skipped="0">
  <testcase classname="com.testNG.ExpectedException" name="ArithmeticException" time="0.009"/>
  <system-out/>
</testsuite> <!-- com.testNG.ExpectedException -->
